Base path: C:/Program Files/Unity/Hub/Editor/2019.1.0f2/Editor/Data
Cmd: initializeCompiler
Cmd: compileComputeKernel
  api=4 insize=8324 outsize=1577 ok=1
Cmd: compileComputeKernel
  api=4 insize=8324 outsize=2961 ok=1
Cmd: compileComputeKernel
  api=4 insize=7860 outsize=2597 ok=1
Cmd: compileComputeKernel
  api=4 insize=4413 outsize=1857 ok=1
Cmd: compileComputeKernel
  api=4 insize=11059 outsize=4121 ok=1
Cmd: compileComputeKernel
  api=4 insize=22218 outsize=2941 ok=1
Cmd: compileComputeKernel
  api=4 insize=22218 outsize=1329 ok=1
Cmd: compileComputeKernel
  api=4 insize=22218 outsize=1621 ok=1
Cmd: compileComputeKernel
  api=4 insize=22218 outsize=1317 ok=1
Cmd: compileComputeKernel
  api=4 insize=22218 outsize=1377 ok=1
Cmd: compileComputeKernel
  api=4 insize=22218 outsize=1357 ok=1
Cmd: compileComputeKernel
  api=4 insize=22218 outsize=1357 ok=1
Cmd: compileComputeKernel
  api=4 insize=1831 outsize=3129 ok=1
Cmd: compileComputeKernel
  api=4 insize=15584 outsize=1297 ok=1
Cmd: compileComputeKernel
  api=4 insize=15584 outsize=1293 ok=1
Cmd: compileComputeKernel
  api=4 insize=15584 outsize=1397 ok=1
Cmd: compileComputeKernel
  api=4 insize=15584 outsize=1377 ok=1
Cmd: compileComputeKernel
  api=4 insize=15584 outsize=1437 ok=1
Cmd: compileSnippet
  api=4 type=0 insize=11846 outsize=1258 kw=SHADOWS_SPLIT_SPHERES pd=UNITY_ENABLE_REFLECTION_BUFFERS UNITY_USE_DITHER_MASK_FOR_ALPHABLENDED_SHADOWS UNITY_PBS_USE_BRDF1 UNITY_SPECCUBE_BOX_PROJECTION UNITY_SPECCUBE_BLENDING UNITY_ENABLE_DETAIL_NORMALMAP SHADER_API_DESKTOP UNITY_COLORSPACE_GAMMA UNITY_LIGHT_PROBE_PROXY_VOLUME UNITY_LIGHTMAP_FULL_HDR ok=1
Cmd: compileSnippet
  api=4 type=1 insize=1596 outsize=7190 kw=UNITY_PASS_FORWARDBASE DIRECTIONAL SHADOWS_SCREEN LIGHTPROBE_SH pd=UNITY_ENABLE_REFLECTION_BUFFERS UNITY_USE_DITHER_MASK_FOR_ALPHABLENDED_SHADOWS UNITY_PBS_USE_BRDF1 UNITY_SPECCUBE_BOX_PROJECTION UNITY_SPECCUBE_BLENDING UNITY_ENABLE_DETAIL_NORMALMAP SHADER_API_DESKTOP UNITY_COLORSPACE_GAMMA UNITY_LIGHT_PROBE_PROXY_VOLUME UNITY_LIGHTMAP_FULL_HDR ok=1
